<?xml version="1.0" encoding="UTF-8"?>
<!-- Generated by org.testng.reporters.JUnitXMLReporter -->
<testsuite ignored="3" hostname="DESKTOP-42O9EFA" failures="0" tests="6" name="Test" time="0.142" errors="0" timestamp="2022-06-06T09:56:52 IST">
  <testcase classname="Flags.flag7" name="it1" time="0.017"/>
  <testcase classname="Flags.flag7" name="it2" time="0.002"/>
  <testcase classname="Flags.flag7" name="it3" time="0.003"/>
  <testcase classname="Flags.flag7" name="st1" time="0.003"/>
  <testcase classname="Flags.flag7" name="st2" time="0.002"/>
  <testcase classname="Flags.flag7" name="st3" time="0.005"/>
  <testcase classname="Flags.flag7" name="ft1" time="0.0">
    <ignored/>
  </testcase> <!-- ft1 -->
  <testcase classname="Flags.flag7" name="ft3" time="0.0">
    <ignored/>
  </testcase> <!-- ft3 -->
  <testcase classname="Flags.flag7" name="ft2" time="0.0">
    <ignored/>
  </testcase> <!-- ft2 -->
</testsuite> <!-- Test -->
